18:08:24 CEST: BR24radar_pi: Radar received unknown report 8 bytes:  0D F5 1D 00 02 00 04 00
18:08:24 CEST: BR24radar_pi: Radar received unknown report 22 bytes:  0C F5 00 00 07 00 01 00 00 00 00 E7 39 0C 00 00 04 09 00 00 00 00
18:08:24 CEST: BR24radar_pi: Radar received unknown report 22 bytes:  0C F5 01 00 06 00 01 00 00 00 00 C6 7A 0A 00 00 85 0A 00 00 00 00
18:08:24 CEST: BR24radar_pi: Radar received unknown report 22 bytes:  0C F5 02 00 05 00 01 00 00 00 00 A5 BB 08 00 00 A0 0C 00 00 00 00
18:08:24 CEST: BR24radar_pi: Radar received unknown report 22 bytes:  0C F5 03 00 04 00 01 00 00 00 00 EC 57 07 00 00 C7 0F 00 00 01 00
18:08:24 CEST: BR24radar_pi: Radar received unknown report 22 bytes:  0C F5 04 00 07 00 02 00 00 00 80 EE 6C 06 00 00 09 12 00 00 01 00
18:08:24 CEST: BR24radar_pi: Radar received unknown report 22 bytes:  0C F5 05 00 03 00 01 00 00 00 00 F1 81 05 00 00 0A 15 00 00 01 00
18:08:24 CEST: BR24radar_pi: Radar received unknown report 22 bytes:  0C F5 06 00 05 00 02 00 00 00 80 F3 96 04 00 00 3F 19 00 00 01 00
18:08:24 CEST: BR24radar_pi: Radar received unknown report 22 bytes:  0C F5 07 00 02 00 01 00 00 00 00 F6 AB 03 00 00 8F 1F 00 00 02 00
18:08:24 CEST: BR24radar_pi: Radar received unknown report 22 bytes:  0C F5 08 00 07 00 04 00 00 00 40 77 36 03 00 00 11 24 00 00 02 00
18:08:24 CEST: BR24radar_pi: Radar received unknown report 22 bytes:  0C F5 09 00 03 00 02 00 00 00 80 F8 C0 02 00 00 14 2A 00 00 02 00
18:08:24 CEST: BR24radar_pi: Radar received unknown report 22 bytes:  0C F5 0A 00 06 00 05 00 00 00 00 FA 33 02 00 00 99 34 00 00 02 00
18:08:24 CEST: BR24radar_pi: Radar received unknown report 22 bytes:  0C F5 0B 00 01 00 01 00 00 00 00 99 DD 01 00 00 1E 3F 00 00 03 00
18:08:24 CEST: BR24radar_pi: Radar received unknown report 22 bytes:  0C F5 0C 00 06 00 07 00 25 49 92 5E 99 01 00 00 A3 49 00 00 03 00
18:08:24 CEST: BR24radar_pi: Radar received unknown report 22 bytes:  0C F5 0D 00 05 00 07 00 49 92 24 24 55 01 00 00 5D 58 00 00 03 00
18:08:24 CEST: BR24radar_pi: Radar received unknown report 22 bytes:  0C F5 0E 00 03 00 05 00 00 00 00 8F 1E 01 00 00 32 69 00 00 03 00
18:08:24 CEST: BR24radar_pi: Radar received unknown report 22 bytes:  0C F5 0F 00 01 00 02 00 00 00 80 39 FA 00 00 00 3C 7E 00 00 04 00
18:08:24 CEST: BR24radar_pi: Radar received unknown report 22 bytes:  0C F5 10 00 03 00 07 00 DB B6 6D 7A D6 00 00 00 46 93 00 00 04 00
18:08:24 CEST: BR24radar_pi: Radar received unknown report 22 bytes:  0C F5 11 00 03 00 08 00 00 00 20 AB BB 00 00 00 4F A8 00 00 04 00
18:08:24 CEST: BR24radar_pi: Radar received unknown report 22 bytes:  0C F5 12 00 01 00 03 00 00 00 00 D1 A6 00 00 00 59 BD 00 00 04 00
18:08:24 CEST: BR24radar_pi: Radar received unknown report 22 bytes:  0C F5 13 00 01 00 04 00 00 00 00 F8 7F 00 00 00 77 FC 00 00 05 00
18:08:24 CEST: BR24radar_pi: Radar received unknown report 22 bytes:  0C F5 14 00 02 00 09 00 00 00 00 C0 71 00 00 00 06 1C 01 00 05 00
18:08:24 CEST: BR24radar_pi: Radar received unknown report 22 bytes:  0C F5 15 00 02 00 0B 00 17 5D 74 11 5D 00 00 00 24 5B 01 00 05 00
18:08:24 CEST: BR24radar_pi: Radar received unknown report 22 bytes:  0C F5 16 00 02 00 0D 00 00 00 00 C0 4E 00 00 00 42 9A 01 00 05 00
18:08:24 CEST: BR24radar_pi: Radar received unknown report 22 bytes:  0C F5 17 00 02 00 0F 00 00 00 00 48 46 00 00 00 5F D9 01 00 06 00
18:08:24 CEST: BR24radar_pi: Radar received unknown report 22 bytes:  0C F5 18 00 01 00 09 00 55 55 55 91 3A 00 00 00 0C 38 02 00 06 00
18:08:24 CEST: BR24radar_pi: Radar received unknown report 22 bytes:  0C F5 19 00 01 00 0B 00 74 D1 45 EB 2F 00 00 00 48 B6 02 00 06 00
18:08:24 CEST: BR24radar_pi: Radar received unknown report 22 bytes:  0C F5 1A 00 01 00 0D 00 00 00 00 8C 28 00 00 00 83 34 03 00 06 00
18:08:24 CEST: BR24radar_pi: Radar received unknown report 22 bytes:  0C F5 1B 00 01 00 0F 00 00 00 00 65 23 00 00 00 BF B2 03 00 07 00
18:08:24 CEST: BR24radar_pi: Radar received unknown report 22 bytes:  0C F5 1C 00 01 00 12 00 55 55 D5 7E 1D 00 00 00 18 70 04 00 07 00
18:08:24 CEST: BR24radar_pi: Radar received BR24 report 16 bytes:  0F F5 A0 CF 5D 00 48 1B 38 00 A0 BA 22 00 02 00
18:08:25 CEST: BR24radar_pi: Radar received unknown report 780 bytes:  07 C4 00 00 00 00 00 00 80 00 00 00 00 00 00 00 00 00 00 00 00 00 00 00 00 00 00 00 10 00 00 00 5A 00 00 00 00 00 00 00 10 00 00 00 80 00 00 00 00 00 00 00 FF FF FF FF FF FF FF FF 00 10 00 00 FF FF FF FF 00 60 00 00 00 60 00 00 00 50 00 00 00 80 0C 00 11 A2 FD FF 99 9D 06 00 FF FF FF FF FF FF FF FF FF FF FF FF FF FF FF FF 00 00 00 00 FF FF FF FF 00 70 00 00 28 00 00 00 00 D0 FF FF 00 B0 00 00 00 00 00 00 99 9D 06 00 F5 10 04 00 7A B4 00 00 28 00 00 00 28 00 00 00 50 00 00 00 14 00 00 00 2A 3A 0A 00 00 00 00 00 00 00 00 00 00 00 00 00 00 40 01 00 00 00 00 00 0F 00 00 00 00 80 00 00 F7 11 00 00 39 00 00 00 00 A0 00 00 AB 2A 00 00 87 BA 00 00 00 10 00 00 00 00 00 00 0A 00 00 00 08 00 00 00 00 00 00 00 2B 00 00 00 00 20 00 00 AB 2A 00 00 16 00 00 00 43 00 00 00 6F 00 00 00 6F 00 00 00 6F 00 00 00 6F 00 00 00 6F 00 00 00 AB 2A 00 00 00 20 00 00 55 15 00 00 AB 0A 00 00 AB 0A 00 00 AB 0A 00 00 AB 0A 00 00 AB 0A 00 00 00 60 05 00 00 8C 05 00 40 00 00 00 00 00 00 00 01 00 00 00 00 00 00 00 01 00 00 00 01 00 00 00 01 00 00 00 00 20 00 00 00 00 00 00 80 00 00 00 5A 00 00 00 00 00 00 00 00 00 00 00 C0 00 00 00 01 00 00 00 01 00 00 00 01 00 00 00 00 00 00 00 02 00 00 00 0F 00 00 00 00 02 00 00 01 00 00 00 01 00 00 00 0A 00 00 00 01 00 00 00 00 00 00 00 01 00 00 00 00 00 00 00 01 00 00 00 00 00 00 00 01 00 00 00 00 00 00 00 00 00 00 00 00 00 00 00 00 00 00 00 00 D0 FF FF 00 00 00 00 00 00 00 00 78 0E 00 00 99 34 00 00 00 60 00 00 99 9D 06 00 F5 10 04 00 7A B4 00 00 00 C0 F9 FF A0 0F 00 00 00 90 01 00 33 53 00 00 00 D0 FF FF 28 00 00 00 00 C0 03 00 00 B0 00 00 28 00 00 00 50 00 00 00 00 50 00 00 00 01 00 00 00 C0 03 00 00 00 00 00 14 00 00 00 00 A0 00 00 01 00 00 00 03 00 00 00 00 E0 00 00 00 40 01 00 00 C0 03 00 00 80 0C 00 00 01 00 00 00 C0 03 00 2A 3A 0A 00 00 00 00 00 00 60 00 00 00 70 00 00 00 B8 FF FF 00 40 01 00 00 00 00 00 00 A0 00 00 00 00 00 00 00 40 01 00 00 00 00 00 00 A0 00 00 00 C0 03 00 00 E0 01 00 40 00 00 00 40 00 00 00 00 D0 FF FF 25 00 00 00 00 20 01 00 00 00 00 00 A0 86 01 00 00 E0 01 00 00 18 00 00 43 5C 00 00 0C 00 00 00 10 00 00 00 00 E0 01 00 01 00 00 00 00 44 00 00 3D 5A 00 00 03 00 00 00 04 00 00 00 07 00 00 00 0B 00 00 00 03 00 00 00 0B 00 00 00 01 00 00 00 09 00 00 00 0B 00 00 00 0B 00 00 00 0B 00 00 00 0B 00 00 00 01 10 FF FF 20 A1 07 00 00 00 00 00 00 00 00 00 00 00 00 00 00 00 00 00
18:08:25 CEST: BR24radar_pi: Radar received report_08 18 bytes:  08 C4 01 01 00 00 00 00 00 C0 F0 00 00 00 00 00 00 00
18:08:25 CEST: BR24radar_pi: Radar received unknown report 129 bytes:  03 C4 08 00 5E 66 08 00 5E 66 00 00 01 00 1E 02 00 00 00 00 00 00 00 00 00 00 00 00 00 00 0C 00 00 00 15 00 00 00 E8 03 00 00 40 C8 06 00 02 00 01 00 03 00 00 00 00 00 00 00 4F 00 63 00 74 00 20 00 32 00 35 00 20 00 32 00 30 00 31 00 32 00 00 00 00 00 00 00 00 00 00 00 31 00 32 00 3A 00 30 00 31 00 3A 00 31 00 33 00 20 00 33 00 38 00 00 00 00 00 00 00 00 00 00 00 02 00 00 00 00 00 00
18:08:25 CEST: BR24radar_pi: Radar received report_04 66 bytes:  04 C4 00 00 00 00 64 00 00 00 A0 0F 00 00 98 3A 00 00 00 00 00 00 00 00 00 00 3C 00 00 00 3C 00 00 00 00 00 00 00 00 00 00 00 00 00 00 00 00 00 00 00 00 00 00 00 00 00 00 00 00 00 00 00 00 00 00 00
18:08:27 CEST: BR24radar_pi: Radar received BR24 report 16 bytes:  0F F5 90 31 5C 00 78 13 38 00 08 80 22 00 14 00
18:08:28 CEST: BR24radar_pi: Radar range=926, angle=1 hdg=17851 12 bytes:  18 02 13 03 00 44 0D 0E 01 00 BB 45
18:08:29 CEST: BR24radar_pi: Radar received BR24 report 16 bytes:  0F F5 38 16 5C 00 78 13 38 00 38 78 22 00 14 00
18:08:30 CEST: BR24radar_pi: Radar received familiar report 46 bytes:  13 F5 94 4D 4C 00 2A 00 00 00 00 00 00 00 00 00 00 00 00 00 01 00 00 00 00 00 2A E1 00 00 FE E0 00 00 2B 00 00 00 60 58 0F 00 B0 01 00 00
18:08:30 CEST: BR24radar_pi: Radar range=926, angle=1 hdg=17852 12 bytes:  18 02 F0 0A 00 44 0D 0E 01 00 BC 45
18:08:31 CEST: BR24radar_pi: Radar received report_08 18 bytes:  08 C4 01 01 00 00 00 00 00 C0 F0 00 00 00 00 00 00 00
18:08:31 CEST: BR24radar_pi: Radar received BR24 report 16 bytes:  0F F5 38 16 5C 00 78 13 38 00 38 78 22 00 14 00
